
Showing logs for build [32mcb-kubecd-environment-pr-192-85-xltfj-2[0m stage [32mfrom-build-pack[0m and container [32mstep-credential-initializer-hsqjz[0m
{"level":"warn","ts":1585820716.093862,"logger":"fallback-logger","caller":"logging/config.go:69","msg":"Fetch GitHub commit ID from kodata failed: \"ref: refs/heads/0.8.0-**-support-backwards-incompats\" is not a valid GitHub commit ID"}
{"level":"info","ts":1585820716.0944788,"logger":"fallback-logger","caller":"creds-init/main.go:40","msg":"Credentials initialized."}

Showing logs for build [32mcb-kubecd-environment-pr-192-85-xltfj-2[0m stage [32mfrom-build-pack[0m and container [32mstep-working-dir-initializer-qqhk6[0m
{"level":"warn","ts":1585820716.5223882,"logger":"fallback-logger","caller":"logging/config.go:69","msg":"Fetch GitHub commit ID from kodata failed: open /var/run/ko/HEAD: no such file or directory"}
{"level":"info","ts":1585820716.5239468,"logger":"fallback-logger","caller":"bash/main.go:64","msg":"Successfully executed command \"sh -c mkdir -p /workspace/source\"; output "}

Showing logs for build [32mcb-kubecd-environment-pr-192-85-xltfj-2[0m stage [32mfrom-build-pack[0m and container [32mstep-place-tools[0m

Showing logs for build [32mcb-kubecd-environment-pr-192-85-xltfj-2[0m stage [32mfrom-build-pack[0m and container [32mstep-git-source-cb-kubecd-environment-pr-192-85-xltfj-m57vl[0m
{"level":"warn","ts":1585820721.7554805,"logger":"fallback-logger","caller":"logging/config.go:69","msg":"Fetch GitHub commit ID from kodata failed: \"ref: refs/heads/0.8.0-**-support-backwards-incompats\" is not a valid GitHub commit ID"}
{"level":"info","ts":1585820722.8926895,"logger":"fallback-logger","caller":"git/git.go:103","msg":"Successfully cloned https://github.com/cb-kubecd/environment-pr-192-85-boot-gke-staging.git @ master in path /workspace/source"}

Showing logs for build [32mcb-kubecd-environment-pr-192-85-xltfj-2[0m stage [32mfrom-build-pack[0m and container [32mstep-git-merge[0m
Using SHAs from PULL_REFS=master:347b743d5016f2c31ad80b9fd9b56051d4691cfe,7:c1097c7ff948c262a00497449a3faf7a0f7c8b52
DEBUG: JX_LOG_LEVEL=error LC_ALL=C git fetch origin --unshallow c1097c7ff948c262a00497449a3faf7a0f7c8b52: 347b743d5016f2c31ad80b9fd9b56051d4691cfe:
DEBUG: ran git fetch --unshallow origin c1097c7ff948c262a00497449a3faf7a0f7c8b52: 347b743d5016f2c31ad80b9fd9b56051d4691cfe: in 
DEBUG: LC_ALL=C JX_LOG_LEVEL=error git branch
DEBUG: LC_ALL=C JX_LOG_LEVEL=error git checkout master
DEBUG: ran git checkout master in 
DEBUG: LC_ALL=C JX_LOG_LEVEL=error git reset --hard 347b743d5016f2c31ad80b9fd9b56051d4691cfe
DEBUG: ran git reset --hard 347b743d5016f2c31ad80b9fd9b56051d4691cfe in 
DEBUG: LC_ALL=C JX_LOG_LEVEL=error git clean -fd .
DEBUG: ran clean --force -d . in 
DEBUG: LC_ALL=C JX_LOG_LEVEL=error git merge c1097c7ff948c262a00497449a3faf7a0f7c8b52
DEBUG: ran git merge c1097c7ff948c262a00497449a3faf7a0f7c8b52 in 
DEBUG: LC_ALL=C JX_LOG_LEVEL=error git log --format=%H%x1f%an%x1f%ae%x1f%cn%x1f%ce%x1f%s%n%b%x1e 347b743d5016f2c31ad80b9fd9b56051d4691cfe..HEAD
Merged SHA c1097c7ff948c262a00497449a3faf7a0f7c8b52 with commit message 'chore: Promote bdd-nh-import-1585819342 to version 0.0.1' into base branch master

Showing logs for build [32mcb-kubecd-environment-pr-192-85-xltfj-2[0m stage [32mfrom-build-pack[0m and container [32mstep-build-helm-build[0m
WARNING: No $CHART_REPOSITORY defined so using the default value of: http://jenkins-x-chartmuseum:8080
Adding missing Helm repo: storage.googleapis.com https://storage.googleapis.com/chartmuseum.jenkins-x.io
WARNING: No secrets found on "helm/repos" due: reading the secret "helm/repos" from vault: no secret "helm/repos" not found in vault
Read credentials for https://storage.googleapis.com/chartmuseum.jenkins-x.io from vault helm/repos
Successfully added Helm repository storage.googleapis.com.
Adding missing Helm repo: jenkins-x-chartmuseum http://jenkins-x-chartmuseum:8080
WARNING: No secrets found on "helm/repos" due: reading the secret "helm/repos" from vault: no secret "helm/repos" not found in vault
Read credentials for http://jenkins-x-chartmuseum:8080 from vault helm/repos
Successfully added Helm repository jenkins-x-chartmuseum.
WARNING: No $CHART_REPOSITORY defined so using the default value of: http://jenkins-x-chartmuseum:8080
Adding missing Helm repo: chartmuseum.jenkins-x.io http://chartmuseum.jenkins-x.io
WARNING: No secrets found on "helm/repos" due: reading the secret "helm/repos" from vault: no secret "helm/repos" not found in vault
Read credentials for http://chartmuseum.jenkins-x.io from vault helm/repos
Successfully added Helm repository chartmuseum.jenkins-x.io.
